[2024-04-30 20:21:36.165 -04:00  INF]  Executed DbCommand (82ms) [Parameters=[], CommandType='"Text"', CommandTimeout='30']
SELECT CASE
    WHEN EXISTS (
        SELECT 1
        FROM [Players] AS [p]) THEN CAST(1 AS bit)
    ELSE CAST(0 AS bit)
END
[2024-04-30 20:21:37.460 -04:00  INF]  Now listening on: http://localhost:5045
[2024-04-30 20:21:37.463 -04:00  INF]  Application started. Press Ctrl+C to shut down.
[2024-04-30 20:21:37.464 -04:00  INF]  Hosting environment: Development
[2024-04-30 20:21:37.464 -04:00  INF]  Content root path: C:\Users\IKECHUKWU\Desktop\INTUIT\APIs\FinalAPIDemo\FinalAPIDemo
[2024-04-30 20:21:37.979 -04:00  INF]  Request starting HTTP/1.1 GET http://localhost:5045/swagger - null null
[2024-04-30 20:21:38.424 -04:00  INF]  Request finished HTTP/1.1 GET http://localhost:5045/swagger - 301 0 null 456.3893ms
[2024-04-30 20:21:38.426 -04:00  INF]  Request starting HTTP/1.1 GET http://localhost:5045/swagger/index.html - null null
[2024-04-30 20:21:38.570 -04:00  INF]  Request finished HTTP/1.1 GET http://localhost:5045/swagger/index.html - 200 null text/html;charset=utf-8 144.397ms
[2024-04-30 20:21:38.582 -04:00  INF]  Request starting HTTP/1.1 GET http://localhost:5045/swagger/swagger-ui.css - null null
[2024-04-30 20:21:38.588 -04:00  INF]  Request starting HTTP/1.1 GET http://localhost:5045/swagger/swagger-ui-bundle.js - null null
[2024-04-30 20:21:38.588 -04:00  INF]  Request starting HTTP/1.1 GET http://localhost:5045/swagger/swagger-ui-standalone-preset.js - null null
[2024-04-30 20:21:38.623 -04:00  INF]  Request starting HTTP/1.1 GET http://localhost:5045/_framework/aspnetcore-browser-refresh.js - null null
[2024-04-30 20:21:38.628 -04:00  INF]  Request starting HTTP/1.1 GET http://localhost:5045/_vs/browserLink - null null
[2024-04-30 20:21:38.630 -04:00  INF]  Request finished HTTP/1.1 GET http://localhost:5045/_framework/aspnetcore-browser-refresh.js - 200 13760 application/javascript; charset=utf-8 8.3159ms
[2024-04-30 20:21:38.689 -04:00  INF]  Sending file. Request path: '/swagger-ui-standalone-preset.js'. Physical path: 'N/A'
[2024-04-30 20:21:38.690 -04:00  INF]  Sending file. Request path: '/swagger-ui.css'. Physical path: 'N/A'
[2024-04-30 20:21:38.694 -04:00  INF]  Request finished HTTP/1.1 GET http://localhost:5045/swagger/swagger-ui.css - 200 143943 text/css 111.8268ms
[2024-04-30 20:21:38.694 -04:00  INF]  Request finished HTTP/1.1 GET http://localhost:5045/swagger/swagger-ui-standalone-preset.js - 200 339486 text/javascript 105.8328ms
[2024-04-30 20:21:38.702 -04:00  INF]  Sending file. Request path: '/swagger-ui-bundle.js'. Physical path: 'N/A'
[2024-04-30 20:21:38.702 -04:00  INF]  Request finished HTTP/1.1 GET http://localhost:5045/swagger/swagger-ui-bundle.js - 200 1096145 text/javascript 113.6896ms
[2024-04-30 20:21:40.701 -04:00  INF]  Request finished HTTP/1.1 GET http://localhost:5045/_vs/browserLink - 404 0 null 2073.1914ms
[2024-04-30 20:21:40.735 -04:00  INF]  Request starting HTTP/1.1 GET http://localhost:5045/swagger/v1/swagger.json - null null
[2024-04-30 20:21:40.940 -04:00  INF]  Request finished HTTP/1.1 GET http://localhost:5045/swagger/v1/swagger.json - 200 null application/json;charset=utf-8 204.7165ms
[2024-04-30 20:21:53.979 -04:00  INF]  Request starting HTTP/1.1 GET http://localhost:5045/api/Players/players - null null
[2024-04-30 20:21:53.987 -04:00  WRN]  Failed to determine the https port for redirect.
[2024-04-30 20:21:53.992 -04:00  INF]  Executing endpoint 'FinalAPIDemo.Controllers.PlayersController.GetAllPlayersAsync (FinalAPIDemo)'
[2024-04-30 20:21:54.036 -04:00  INF]  Route matched with {action = "GetAllPlayers", controller = "Players"}. Executing controller action with signature System.Threading.Tasks.Task`1[Microsoft.AspNetCore.Mvc.IActionResult] GetAllPlayersAsync(FinalAPIDemo.Core.Pagination.PaginationFilter) on controller FinalAPIDemo.Controllers.PlayersController (FinalAPIDemo).
[2024-04-30 20:21:57.558 -04:00  INF]  Retrieving all players from db
[2024-04-30 20:21:57.737 -04:00  INF]  Executed DbCommand (64ms) [Parameters=[], CommandType='"Text"', CommandTimeout='30']
SELECT COUNT(*)
FROM [Players] AS [p]
[2024-04-30 20:21:57.779 -04:00  WRN]  The query uses a row limiting operator ('Skip'/'Take') without an 'OrderBy' operator. This may lead to unpredictable results. If the 'Distinct' operator is used after 'OrderBy', then make sure to use the 'OrderBy' operator after 'Distinct' as the ordering would otherwise get erased.
[2024-04-30 20:21:57.779 -04:00  WRN]  The query uses a row limiting operator ('Skip'/'Take') without an 'OrderBy' operator. This may lead to unpredictable results. If the 'Distinct' operator is used after 'OrderBy', then make sure to use the 'OrderBy' operator after 'Distinct' as the ordering would otherwise get erased.
[2024-04-30 20:21:57.904 -04:00  INF]  Executed DbCommand (52ms) [Parameters=[@__p_0='?' (DbType = Int32), @__p_1='?' (DbType = Int32)], CommandType='"Text"', CommandTimeout='30']
SELECT [p].[PlayerID], [p].[Bats], [p].[BbrefID], [p].[BirthCity], [p].[BirthCountry], [p].[BirthDay], [p].[BirthMonth], [p].[BirthState], [p].[BirthYear], [p].[DeathCity], [p].[DeathCountry], [p].[DeathDay], [p].[DeathMonth], [p].[DeathState], [p].[DeathYear], [p].[Debut], [p].[FinalGame], [p].[Height], [p].[NameFirst], [p].[NameGiven], [p].[NameLast], [p].[RetroID], [p].[Throws], [p].[Weight]
FROM [Players] AS [p]
ORDER BY (SELECT 1)
OFFSET @__p_0 ROWS FETCH NEXT @__p_1 ROWS ONLY
[2024-04-30 20:21:58.069 -04:00  INF]  Executing OkObjectResult, writing value of type 'FinalAPIDemo.Core.Pagination.PagedResponse`1[[System.Collections.Generic.IEnumerable`1[[FinalAPIDemo.Model.Player, FinalAPIDemo.Model, Version=1.0.0.0, Culture=neutral, PublicKeyToken=null]], System.Private.CoreLib, Version=8.0.0.0, Culture=neutral, PublicKeyToken=7cec85d7bea7798e]]'.
[2024-04-30 20:21:58.104 -04:00  INF]  Executed action FinalAPIDemo.Controllers.PlayersController.GetAllPlayersAsync (FinalAPIDemo) in 4060.977ms
[2024-04-30 20:21:58.105 -04:00  INF]  Executed endpoint 'FinalAPIDemo.Controllers.PlayersController.GetAllPlayersAsync (FinalAPIDemo)'
[2024-04-30 20:21:58.110 -04:00  INF]  Request finished HTTP/1.1 GET http://localhost:5045/api/Players/players - 200 null application/json; charset=utf-8 4130.3219ms
[2024-04-30 20:27:15.048 -04:00  INF]  Executed DbCommand (34ms) [Parameters=[], CommandType='"Text"', CommandTimeout='30']
SELECT CASE
    WHEN EXISTS (
        SELECT 1
        FROM [Players] AS [p]) THEN CAST(1 AS bit)
    ELSE CAST(0 AS bit)
END
[2024-04-30 20:27:15.441 -04:00  INF]  Now listening on: http://localhost:5045
[2024-04-30 20:27:15.442 -04:00  INF]  Application started. Press Ctrl+C to shut down.
[2024-04-30 20:27:15.443 -04:00  INF]  Hosting environment: Development
[2024-04-30 20:27:15.443 -04:00  INF]  Content root path: C:\Users\IKECHUKWU\Desktop\INTUIT\APIs\FinalAPIDemo\FinalAPIDemo
[2024-04-30 20:27:16.176 -04:00  INF]  Request starting HTTP/1.1 GET http://localhost:5045/swagger/index.html - null null
[2024-04-30 20:27:16.398 -04:00  INF]  Request finished HTTP/1.1 GET http://localhost:5045/swagger/index.html - 200 null text/html;charset=utf-8 225.9428ms
[2024-04-30 20:27:16.425 -04:00  INF]  Request starting HTTP/1.1 GET http://localhost:5045/_framework/aspnetcore-browser-refresh.js - null null
[2024-04-30 20:27:16.431 -04:00  INF]  Request finished HTTP/1.1 GET http://localhost:5045/_framework/aspnetcore-browser-refresh.js - 200 13760 application/javascript; charset=utf-8 5.4572ms
[2024-04-30 20:27:16.451 -04:00  INF]  Request starting HTTP/1.1 GET http://localhost:5045/_vs/browserLink - null null
[2024-04-30 20:27:18.496 -04:00  INF]  Request finished HTTP/1.1 GET http://localhost:5045/_vs/browserLink - 404 0 null 2045.6896ms
[2024-04-30 20:27:18.529 -04:00  INF]  Request starting HTTP/1.1 GET http://localhost:5045/swagger/v1/swagger.json - null null
[2024-04-30 20:27:18.618 -04:00  INF]  Request finished HTTP/1.1 GET http://localhost:5045/swagger/v1/swagger.json - 200 null application/json;charset=utf-8 89.2546ms
[2024-04-30 20:27:25.307 -04:00  INF]  Request starting HTTP/1.1 GET http://localhost:5045/api/Players/players - null null
[2024-04-30 20:27:25.314 -04:00  WRN]  Failed to determine the https port for redirect.
[2024-04-30 20:27:25.319 -04:00  INF]  Executing endpoint 'FinalAPIDemo.Controllers.PlayersController.GetAllPlayersAsync (FinalAPIDemo)'
[2024-04-30 20:27:25.359 -04:00  INF]  Route matched with {action = "GetAllPlayers", controller = "Players"}. Executing controller action with signature System.Threading.Tasks.Task`1[Microsoft.AspNetCore.Mvc.IActionResult] GetAllPlayersAsync(FinalAPIDemo.Core.Pagination.PaginationFilter) on controller FinalAPIDemo.Controllers.PlayersController (FinalAPIDemo).
[2024-04-30 20:27:25.397 -04:00  INF]  Retrieving all players from db
[2024-04-30 20:27:25.551 -04:00  INF]  Executed DbCommand (45ms) [Parameters=[], CommandType='"Text"', CommandTimeout='30']
SELECT COUNT(*)
FROM [Players] AS [p]
[2024-04-30 20:27:25.583 -04:00  WRN]  The query uses a row limiting operator ('Skip'/'Take') without an 'OrderBy' operator. This may lead to unpredictable results. If the 'Distinct' operator is used after 'OrderBy', then make sure to use the 'OrderBy' operator after 'Distinct' as the ordering would otherwise get erased.
[2024-04-30 20:27:25.583 -04:00  WRN]  The query uses a row limiting operator ('Skip'/'Take') without an 'OrderBy' operator. This may lead to unpredictable results. If the 'Distinct' operator is used after 'OrderBy', then make sure to use the 'OrderBy' operator after 'Distinct' as the ordering would otherwise get erased.
[2024-04-30 20:27:25.710 -04:00  INF]  Executed DbCommand (62ms) [Parameters=[@__p_0='?' (DbType = Int32), @__p_1='?' (DbType = Int32)], CommandType='"Text"', CommandTimeout='30']
SELECT [p].[PlayerID], [p].[Bats], [p].[BbrefID], [p].[BirthCity], [p].[BirthCountry], [p].[BirthDay], [p].[BirthMonth], [p].[BirthState], [p].[BirthYear], [p].[DeathCity], [p].[DeathCountry], [p].[DeathDay], [p].[DeathMonth], [p].[DeathState], [p].[DeathYear], [p].[Debut], [p].[FinalGame], [p].[Height], [p].[NameFirst], [p].[NameGiven], [p].[NameLast], [p].[RetroID], [p].[Throws], [p].[Weight]
FROM [Players] AS [p]
ORDER BY (SELECT 1)
OFFSET @__p_0 ROWS FETCH NEXT @__p_1 ROWS ONLY
[2024-04-30 20:27:25.841 -04:00  INF]  Executing OkObjectResult, writing value of type 'FinalAPIDemo.Core.Pagination.PagedResponse`1[[System.Collections.Generic.IEnumerable`1[[FinalAPIDemo.Model.Player, FinalAPIDemo.Model, Version=1.0.0.0, Culture=neutral, PublicKeyToken=null]], System.Private.CoreLib, Version=8.0.0.0, Culture=neutral, PublicKeyToken=7cec85d7bea7798e]]'.
[2024-04-30 20:27:25.882 -04:00  INF]  Executed action FinalAPIDemo.Controllers.PlayersController.GetAllPlayersAsync (FinalAPIDemo) in 515.7948ms
[2024-04-30 20:27:25.882 -04:00  INF]  Executed endpoint 'FinalAPIDemo.Controllers.PlayersController.GetAllPlayersAsync (FinalAPIDemo)'
[2024-04-30 20:27:25.891 -04:00  INF]  Request finished HTTP/1.1 GET http://localhost:5045/api/Players/players - 200 null application/json; charset=utf-8 583.5816ms
